<?xml version="1.0" encoding="UTF-8"?><testsuite errors="0" failures="0" name="com.bestbuy.testsuite.ProductTestWithTags" skipped="0" tests="5" time="5.84" timestamp="2020-05-26T12:20:16.960+01:00[Europe/London]"><testcase classname="com.bestbuy.testsuite.ProductTestWithTags" name="This test is creating a new products and verify it is created"/><testcase classname="com.bestbuy.testsuite.ProductTestWithTags" name="Getting the information of the product created by ID"/><testcase classname="com.bestbuy.testsuite.ProductTestWithTags" name="Getting the information of the All products"/><testcase classname="com.bestbuy.testsuite.ProductTestWithTags" name="This test will update the product information and verify the updated information"/><testcase classname="com.bestbuy.testsuite.ProductTestWithTags" name="Deleting the Product information with productId : {0} "/></testsuite>